2	00100000  	.ORG	0x100000                
4	00100000  	MOV	%sp,0x020000            0000F44000000200
8	00100008  	MOV	%r10,0x10FF00           0000E84000FF1000
9	00100010 begin_search_tda:	                        
10	00100010  	ADD	%r10,%r10,0x100         0081AA84
11	00100014  	IFEQ	%r10,0x112100           0000E84B00211100
12	0010001c  	JMP	end_search_tda          13008425
14	00100020  	LOADB	%r0,%r10                0A000047
15	00100024  	IFNEQ	%r0,0xFF                FF00804C
16	00100028  	JMP	begin_search_tda        04008425
18	0010002c  	ADD	%r1,%r10,1              01808684
19	00100030  	LOADB	%r0,%r1                 01000047
20	00100034  	IFNEQ	%r0,0x0E                0E00804C
21	00100038  	JMP	begin_search_tda        04008425
23	0010003c  	ADD	%r1,%r10,2              02808684
24	00100040  	LOADB	%r0,%r1                 01000047
25	00100044  	IFNEQ	%r0,0x01                0100804C
26	00100048  	JMP	begin_search_tda        04008425
28	0010004c end_search_tda:	                        
29	0010004c  	IFEQ	%r10,0x112100           0000E84B00211100
30	00100054  	JMP	crash                   66008425
31	00100058  	STORE	TDA_base_dev,%r10       0404A848
33	0010005c  	IFEQ	%r10,0xFFFFFFFF         0000E84BFFFFFFFF
34	00100064  	JMP	crash                   66008425
37	00100068  	ADD	%r0,%r10,0x0A           0A808284
39	0010006c  	MOV	%r1,0x001000            00108440
40	00100070  	STORE	%r0,%r1                 00000448
42	00100074  	ADD	%r0,%r10,0x08           08808284
43	00100078  	MOV	%r1,0                   00008440
44	0010007c  	STOREW	%r0,%r1                 00000449
47	00100080  	MOV	%r0,0x001000            00108040
48	00100084  	MOV	%r1,0x48                48008440
49	00100088  	CALL	clr_screen              FF008426
54	0010008c  	MOV	%ia,vtable              0000B840
55	00100090  	MOV	%r0,tmr0_isr            0000C04040011000
56	00100098  	MOV	%r1,0x01                01008440
57	0010009c  	LLS	%r1,%r1,2               0240848A
59	001000a0  	ADD	%r1,%r1,%ia             0E400484
60	001000a4  	STORE	%r1,%r0                 01000048
62	001000a8  	MOV	%flags,0x100            0001BC40
65	001000ac  	MOV	%r0,100000              A0868140
66	001000b0  	STORE	0x11E004,%r0            0000C04804E01100
69	001000b8  	MOV	%r0,3                   03008040
70	001000bc  	STOREB	0x11E010,%r0            0000C04A10E01100
76	001000c4  	MOV	%r0,14                  0E008040
77	001000c8  	MOV	%r1,18                  12008440
78	001000cc  	CALL	get_offset_from_row_col 69008426
79	001000d0  	ADD	%r1,%r0,0x001000        00108484
80	001000d4  	MOV	%r0,str_dots            0000C0406C041000
81	001000dc  	MOV	%r2,0x4F                4F008840
82	001000e0  	CALL	print                   6D008426
85	001000e4 loop:	                        
90	001000e4  	MOV	%r0,14                  0E008040
91	001000e8  	MOV	%r1,22                  16008440
92	001000ec  	CALL	get_offset_from_row_col 69008426
93	001000f0  	ADD	%r1,%r0,0x001000        00108484
96	001000f4  	LOADB	%r0,sec                 00048047
97	001000f8  	MOV	%r2,0x48                48008840
98	001000fc  	CALL	print_hex_b             77008426
102	00100100  	MOV	%r0,14                  0E008040
103	00100104  	MOV	%r1,19                  13008440
104	00100108  	CALL	get_offset_from_row_col 69008426
105	0010010c  	ADD	%r1,%r0,0x001000        00108484
107	00100110  	LOADB	%r0,min                 01048047
108	00100114  	MOV	%r2,0x48                48008840
109	00100118  	CALL	print_hex_b             77008426
113	0010011c  	MOV	%r0,14                  0E008040
114	00100120  	MOV	%r1,16                  10008440
115	00100124  	CALL	get_offset_from_row_col 69008426
116	00100128  	ADD	%r1,%r0,0x001000        00108484
118	0010012c  	LOADB	%r0,hour                02048047
119	00100130  	MOV	%r2,0x48                48008840
120	00100134  	CALL	print_hex_b             77008426
122	00100138  	SLEEP	                        00000000
127	0010013c  	JMP	loop                    39008425
130	00100140 tmr0_isr:	                        
132	00100140  	LOADB	%r0,sec                 00048047
133	00100144  	ADD	%r0,%r0,1               01008084
134	00100148  	STOREB	sec,%r0                 0004804A
136	0010014c  	IFL	%r0,60                  3C00804D
137	00100150  	RFI	                        00000002
139	00100154  	MOV	%r0,0                   00008040
140	00100158  	STOREB	sec,%r0                 0004804A
142	0010015c  	LOADB	%r0,min                 01048047
143	00100160  	ADD	%r0,%r0,1               01008084
144	00100164  	STOREB	min,%r0                 0104804A
146	00100168  	IFL	%r0,60                  3C00804D
147	0010016c  	RFI	                        00000002
149	00100170  	MOV	%r0,0                   00008040
150	00100174  	STOREB	min,%r0                 0104804A
152	00100178  	LOADB	%r0,hour                02048047
153	0010017c  	ADD	%r0,%r0,1               01008084
154	00100180  	STOREB	hour,%r0                0204804A
156	00100184  	IFL	%r0,24                  1800804D
157	00100188  	RFI	                        00000002
159	0010018c  	MOV	%r0,0                   00008040
160	00100190  	STOREB	hour,%r0                0204804A
162	00100194  	RFI	                        00000002
164	00100198 crash:	                        
165	00100198  	SLEEP	                        00000000
166	0010019c  	JMP	crash                   66008425
5	001001a0  	.DD	0xBEEFCAFE              FECAEFBE
13	001001a4 get_offset_from_row_col:	                        
14	001001a4  	LLS	%r1,%r1,1               0140848A
16	001001a8  	MUL	%r0,%r0,80              5000808F
17	001001ac  	ADD	%r0,%r0,%r1             01000084
19	001001b0  	RET	                        00000001
27	001001b4 print:	                        
28	001001b4  	LLS	%r2,%r2,8               0880888A
30	001001b8 print_loop:	                        
31	001001b8  	LOADB	%r3,%r0                 00000C47
32	001001bc  	IFEQ	%r3,0                   00008C4B
33	001001c0  	JMP	print_end               76008425
35	001001c4  	OR	%r3,%r3,%r2             02C00C81
36	001001c8  	STOREW	%r1,%r3                 01000C49
38	001001cc  	ADD	%r1,%r1,2               02408484
39	001001d0  	ADD	%r0,%r0,1               01008084
40	001001d4  	JMP	print_loop              6E008425
42	001001d8 print_end:	                        
44	001001d8  	RET	                        00000001
52	001001dc print_hex_b:	                        
53	001001dc  	PUSH	%r5                     05000024
55	001001e0  	LLS	%r2,%r2,8               0880888A
56	001001e4  	LRS	%r5,%r0,4               0400948B
57	001001e8  	AND	%r0,%r0,0x0000000F      0F008080
62	001001ec  	ADD	%r5,%r5,55              37409584
63	001001f0  	IFL	%r5,A                   4100944D
64	001001f4  	SUB	%r5,%r5,7               07409586
66	001001f8  	OR	%r5,%r5,%r2             02401581
67	001001fc  	STOREW	%r1,%r5                 01001449
70	00100200  	ADD	%r1,%r1,2               02408484
71	00100204  	ADD	%r5,%r0,55              37009484
72	00100208  	IFL	%r5,A                   4100944D
73	0010020c  	SUB	%r5,%r5,7               07409586
75	00100210  	OR	%r5,%r5,%r2             02401581
76	00100214  	STOREW	%r1,%r5                 01001449
78	00100218  	POP	%r5                     05000023
80	0010021c  	RET	                        00000001
88	00100220 print_hex_w:	                        
89	00100220  	PUSH	%r5                     05000024
91	00100224  	LLS	%r2,%r2,8               0880888A
93	00100228  	LRS	%r5,%r0,12              0C00948B
96	0010022c  	ADD	%r5,%r5,55              37409584
97	00100230  	IFL	%r5,A                   4100944D
98	00100234  	SUB	%r5,%r5,7               07409586
100	00100238  	OR	%r5,%r5,%r2             02401581
101	0010023c  	STOREW	%r1,%r5                 01001449
104	00100240  	LRS	%r5,%r0,8               0800948B
105	00100244  	AND	%r5,%r5,0x0F            0F409580
107	00100248  	ADD	%r1,%r1,2               02408484
108	0010024c  	ADD	%r5,%r5,55              37409584
109	00100250  	IFL	%r5,A                   4100944D
110	00100254  	SUB	%r5,%r5,7               07409586
112	00100258  	OR	%r5,%r5,%r2             02401581
113	0010025c  	STOREW	%r1,%r5                 01001449
116	00100260  	LRS	%r5,%r0,4               0400948B
117	00100264  	AND	%r5,%r5,0x0F            0F409580
119	00100268  	ADD	%r1,%r1,2               02408484
120	0010026c  	ADD	%r5,%r5,55              37409584
121	00100270  	IFL	%r5,A                   4100944D
122	00100274  	SUB	%r5,%r5,7               07409586
124	00100278  	OR	%r5,%r5,%r2             02401581
125	0010027c  	STOREW	%r1,%r5                 01001449
128	00100280  	AND	%r5,%r0,0x0F            0F009480
130	00100284  	ADD	%r1,%r1,2               02408484
131	00100288  	ADD	%r5,%r5,55              37409584
132	0010028c  	IFL	%r5,A                   4100944D
133	00100290  	SUB	%r5,%r5,7               07409586
135	00100294  	OR	%r5,%r5,%r2             02401581
136	00100298  	STOREW	%r1,%r5                 01001449
138	0010029c  	POP	%r5                     05000023
140	001002a0  	RET	                        00000001
148	001002a4 print_hex_dw:	                        
149	001002a4  	PUSH	%r5                     05000024
151	001002a8  	LLS	%r2,%r2,8               0880888A
153	001002ac  	LRS	%r5,%r0,28              1C00948B
156	001002b0  	ADD	%r5,%r5,55              37409584
157	001002b4  	IFL	%r5,A                   4100944D
158	001002b8  	SUB	%r5,%r5,7               07409586
160	001002bc  	OR	%r5,%r5,%r2             02401581
161	001002c0  	STOREW	%r1,%r5                 01001449
164	001002c4  	LRS	%r5,%r0,24              1800948B
165	001002c8  	AND	%r5,%r5,0x0F            0F409580
167	001002cc  	ADD	%r1,%r1,2               02408484
168	001002d0  	ADD	%r5,%r5,55              37409584
169	001002d4  	IFL	%r5,A                   4100944D
170	001002d8  	SUB	%r5,%r5,7               07409586
172	001002dc  	OR	%r5,%r5,%r2             02401581
173	001002e0  	STOREW	%r1,%r5                 01001449
176	001002e4  	LRS	%r5,%r0,20              1400948B
177	001002e8  	AND	%r5,%r5,0x0F            0F409580
179	001002ec  	ADD	%r1,%r1,2               02408484
180	001002f0  	ADD	%r5,%r5,55              37409584
181	001002f4  	IFL	%r5,A                   4100944D
182	001002f8  	SUB	%r5,%r5,7               07409586
184	001002fc  	OR	%r5,%r5,%r2             02401581
185	00100300  	STOREW	%r1,%r5                 01001449
188	00100304  	LRS	%r5,%r0,16              1000948B
189	00100308  	AND	%r5,%r5,0x0F            0F409580
191	0010030c  	ADD	%r1,%r1,2               02408484
192	00100310  	ADD	%r5,%r5,55              37409584
193	00100314  	IFL	%r5,A                   4100944D
194	00100318  	SUB	%r5,%r5,7               07409586
196	0010031c  	OR	%r5,%r5,%r2             02401581
197	00100320  	STOREW	%r1,%r5                 01001449
200	00100324  	LRS	%r5,%r0,12              0C00948B
201	00100328  	AND	%r5,%r5,0x0F            0F409580
203	0010032c  	ADD	%r1,%r1,2               02408484
204	00100330  	ADD	%r5,%r5,55              37409584
205	00100334  	IFL	%r5,A                   4100944D
206	00100338  	SUB	%r5,%r5,7               07409586
208	0010033c  	OR	%r5,%r5,%r2             02401581
209	00100340  	STOREW	%r1,%r5                 01001449
212	00100344  	LRS	%r5,%r0,8               0800948B
213	00100348  	AND	%r5,%r5,0x0F            0F409580
215	0010034c  	ADD	%r1,%r1,2               02408484
216	00100350  	ADD	%r5,%r5,55              37409584
217	00100354  	IFL	%r5,A                   4100944D
218	00100358  	SUB	%r5,%r5,7               07409586
220	0010035c  	OR	%r5,%r5,%r2             02401581
221	00100360  	STOREW	%r1,%r5                 01001449
224	00100364  	LRS	%r5,%r0,4               0400948B
225	00100368  	AND	%r5,%r5,0x0F            0F409580
227	0010036c  	ADD	%r1,%r1,2               02408484
228	00100370  	ADD	%r5,%r5,55              37409584
229	00100374  	IFL	%r5,A                   4100944D
230	00100378  	SUB	%r5,%r5,7               07409586
232	0010037c  	OR	%r5,%r5,%r2             02401581
233	00100380  	STOREW	%r1,%r5                 01001449
236	00100384  	AND	%r5,%r0,0x0F            0F009480
238	00100388  	ADD	%r1,%r1,2               02408484
239	0010038c  	ADD	%r5,%r5,55              37409584
240	00100390  	IFL	%r5,A                   4100944D
241	00100394  	SUB	%r5,%r5,7               07409586
243	00100398  	OR	%r5,%r5,%r2             02401581
244	0010039c  	STOREW	%r1,%r5                 01001449
246	001003a0  	POP	%r5                     05000023
248	001003a4  	RET	                        00000001
256	001003a8 print_uint:	                        
257	001003a8  	PUSH	%r5                     05000024
258	001003ac  	PUSH	%y                      0B000024
260	001003b0  	LLS	%r2,%r2,8               0880888A
261	001003b4  	MOV	%r5,0                   00009440
263	001003b8 print_uint_divloop:	                        
264	001003b8  	DIV	%r0,%r0,10              0A008091
265	001003bc  	PUSH	%y                      0B000024
266	001003c0  	ADD	%r5,%r5,1               01409584
268	001003c4  	IFNEQ	%r0,0                   0000804C
269	001003c8  	JMP	print_uint_divloop      EE008425
271	001003cc print_uint_printloop:	                        
272	001003cc  	POP	%r0                     00000023
273	001003d0  	ADD	%r0,%r0,0               30008084
274	001003d4  	OR	%r0,%r0,%r2             02000081
275	001003d8  	STOREW	%r1,%r0                 01000049
277	001003dc  	SUB	%r5,%r5,1               01409586
278	001003e0  	ADD	%r1,%r1,2               02408484
280	001003e4  	IFSLE	%r5,0                   00009450
281	001003e8  	JMP	print_uint_end          FC008425
282	001003ec  	JMP	print_uint_printloop    F3008425
284	001003f0 print_uint_end:	                        
285	001003f0  	POP	%y                      0B000023
286	001003f4  	POP	%r5                     05000023
288	001003f8  	RET	                        00000001
295	001003fc clr_screen:	                        
296	001003fc  	MOV	%r3,2400                60098C40
297	00100400  	ADD	%r3,%r3,%r0             00C00C84
299	00100404  	LLS	%r1,%r1,8               0840848A
300	00100408  	OR	%r1,%r1,0x20            20408481
301	0010040c  	LLS	%r2,%r1,16              1040888A
302	00100410  	OR	%r1,%r1,%r2             02400481
304	00100414 clr_screen_loop:	                        
305	00100414  	STORE	%r0,%r1                 00000448
306	00100418  	ADD	%r0,%r0,4               04008084
308	0010041c  	IFLE	%r0,%r3                 0300004F
309	00100420  	JMP	clr_screen_loop         05018425
311	00100424  	RET	                        00000001
319	00100428 hwn:	                        
320	00100428  	PUSH	%r4                     04000024
321	0010042c  	MOV	%r3,%r0                 00000C40
322	00100430  	MOV	%r0,0                   00008040
323	00100434  	MOV	%r1,0                   00008440
325	00100438 hwn_for_loop:	                        
327	00100438  	LLS	%r4,%r1,8               0840908A
328	0010043c  	ADD	%r4,%r4,0x110000        0000D18400001100
331	00100444  	LOADB	%r2,%r4                 04000847
332	00100448  	IFNEQ	%r2,0xFF                FF00884C
333	0010044c  	JMP	hwn_check_cond_for_loop 16018425
335	00100450  	STOREB	%r3,%r0,%r1             00C00498
336	00100454  	ADD	%r0,%r0,1               01008084
338	00100458 hwn_check_cond_for_loop:	                        
340	00100458  	ADD	%r1,%r1,1               01408484
341	0010045c  	IFL	%r1,32                  2000844D
342	00100460  	JMP	hwn_for_loop            0E018425
344	00100464 end_hwn:	                        
345	00100464  	POP	%r4                     04000023
346	00100468  	RET	                        00000001
172	0010046c str_dots:	.DB	:  :,0                  3A 20 20 3A 00
177	00000000  	.ORG	0x0                     
178	00000000 vtable:	.DB	0                       00
180	00000400  	.ORG	0x400                   
182	00000400 sec:	.DB	0                       00
183	00000401 min:	.DB	0                       00
184	00000402 hour:	.DW	0                       0000
186	00000404 TDA_base_dev:	.DW	0                       0000
Symbols:
001003f0  print_uint_end
001000e4  loop
00100458  hwn_check_cond_for_loop
00100414  clr_screen_loop
00000404  TDA_base_dev
001003b8  print_uint_divloop
001003cc  print_uint_printloop
001001a4  get_offset_from_row_col
001001b8  print_loop
00000401  min
00100428  hwn
00000000  vtable
001001b4  print
00100438  hwn_for_loop
00100010  begin_search_tda
00100220  print_hex_w
001002a4  print_hex_dw
00100198  crash
00000402  hour
00000400  sec
001001dc  print_hex_b
001003fc  clr_screen
0010046c  str_dots
00100140  tmr0_isr
0010004c  end_search_tda
001003a8  print_uint
00100464  end_hwn
001001d8  print_end
