2	00100000  	.ORG	100000	
4	00100000  	MOV	%sp,20000	0D00C04000000200
7	00100008  	MOV	%r10,10FF00	0A00C04000FF1000
8	00100010 begin_search_tda		
9	00100010  	ADD	%r10,%r10,100	AA008184
10	00100014  	IFEQ	%r10,112100	0A00C04B00211100
11	0010001c  	JMP	end	A4009025
13	00100020  	LOADB	%r0,%r10	A0000047
14	00100024  	IFNEQ	%r0,FF	F00F804C
15	00100028  	JMP	begin_search_tda	10009025
17	0010002c  	ADD	%r1,%r10,1	A1018084
18	00100030  	LOADB	%r0,%r1	10000047
19	00100034  	IFNEQ	%r0,0E	E000804C
20	00100038  	JMP	begin_search_tda	10009025
22	0010003c  	ADD	%r1,%r10,2	A1028084
23	00100040  	LOADB	%r0,%r1	10000047
24	00100044  	IFNEQ	%r0,01	1000804C
25	00100048  	JMP	begin_search_tda	10009025
27	0010004c end_search_tda		
29	0010004c  	ADD	%r0,%r10,0A	A00A8084
31	00100050  	MOV	%r1,001000	01008140
32	00100054  	STORE	%r0,%r1	01000048
34	00100058  	ADD	%r0,%r10,08	A0088084
35	0010005c  	MOV	%r1,0	01008040
36	00100060  	STOREW	%r0,%r1	01000049
39	00100064  	MOV	%r0,001000	00008140
40	00100068  	MOV	%r1,B0	010B8040
41	0010006c  	CALL	clr_screen	04039026
44	00100070  	MOV	%r1,001000	01008140
45	00100074  	MOV	%r0,string	0000C04080031000
46	0010007c  	MOV	%r2,4F	F2048040
47	00100080  	CALL	print	BC009026
50	00100084  	MOV	%r0,3	30008040
51	00100088  	MOV	%r1,3	31008040
52	0010008c  	CALL	get_offset_from_row_col	AC009026
53	00100090  	ADD	%r1,%r0,001000	01009084
55	00100094  	MOV	%r0,string	0000C04080031000
56	0010009c  	MOV	%r2,78	82078040
57	001000a0  	CALL	print	BC009026
59	001000a4 end		
60	001000a4  	SLEEP		00000000
5	001000a8  	.DD	BEEFCAFE	FECAEFBE
13	001000ac get_offset_from_row_col		
16	001000ac  	LLS	%r1,%r1,1	1101808A
18	001000b0  	MUL	%r0,%r0,80	0050808F
19	001000b4  	ADD	%r0,%r0,%r1	00010084
21	001000b8  	RET		00000001
29	001000bc print		
30	001000bc  	LLS	%r2,%r2,8	2208808A
32	001000c0 print_loop		
33	001000c0  	LOADB	%r3,%r0	03000047
34	001000c4  	IFEQ	%r3,0	0300804B
35	001000c8  	JMP	print_end	E0009025
37	001000cc  	OR	%r3,%r3,%r2	33020081
38	001000d0  	STOREW	%r1,%r3	13000049
40	001000d4  	ADD	%r1,%r1,2	11028084
41	001000d8  	ADD	%r0,%r0,1	00018084
42	001000dc  	JMP	print_loop	C0009025
44	001000e0 print_end		
46	001000e0  	RET		00000001
54	001000e4 print_hex_b		
55	001000e4  	PUSH	%r5	05000024
57	001000e8  	LLS	%r2,%r2,8	2208808A
58	001000ec  	LRS	%r5,%r0,4	0504808B
59	001000f0  	AND	%r0,%r0,0000000F	000F8080
64	001000f4  	ADD	%r5,%r5,55	55378084
65	001000f8  	IFL	%r5,A	1504804D
66	001000fc  	SUB	%r5,%r5,7	55078086
68	00100100  	OR	%r5,%r5,%r2	55020081
69	00100104  	STOREW	%r1,%r5	15000049
72	00100108  	ADD	%r1,%r1,2	11028084
73	0010010c  	ADD	%r5,%r0,55	05378084
74	00100110  	IFL	%r5,A	1504804D
75	00100114  	SUB	%r5,%r5,7	55078086
77	00100118  	OR	%r5,%r5,%r2	55020081
78	0010011c  	STOREW	%r1,%r5	15000049
80	00100120  	POP	%r5	05000023
82	00100124  	RET		00000001
90	00100128 print_hex_w		
91	00100128  	PUSH	%r5	05000024
93	0010012c  	LLS	%r2,%r2,8	2208808A
95	00100130  	LRS	%r5,%r0,12	050C808B
98	00100134  	ADD	%r5,%r5,55	55378084
99	00100138  	IFL	%r5,A	1504804D
100	0010013c  	SUB	%r5,%r5,7	55078086
102	00100140  	OR	%r5,%r5,%r2	55020081
103	00100144  	STOREW	%r1,%r5	15000049
106	00100148  	LRS	%r5,%r0,8	0508808B
107	0010014c  	AND	%r5,%r5,0F	550F8080
109	00100150  	ADD	%r1,%r1,2	11028084
110	00100154  	ADD	%r5,%r5,55	55378084
111	00100158  	IFL	%r5,A	1504804D
112	0010015c  	SUB	%r5,%r5,7	55078086
114	00100160  	OR	%r5,%r5,%r2	55020081
115	00100164  	STOREW	%r1,%r5	15000049
118	00100168  	LRS	%r5,%r0,4	0504808B
119	0010016c  	AND	%r5,%r5,0F	550F8080
121	00100170  	ADD	%r1,%r1,2	11028084
122	00100174  	ADD	%r5,%r5,55	55378084
123	00100178  	IFL	%r5,A	1504804D
124	0010017c  	SUB	%r5,%r5,7	55078086
126	00100180  	OR	%r5,%r5,%r2	55020081
127	00100184  	STOREW	%r1,%r5	15000049
130	00100188  	AND	%r5,%r0,0F	050F8080
132	0010018c  	ADD	%r1,%r1,2	11028084
133	00100190  	ADD	%r5,%r5,55	55378084
134	00100194  	IFL	%r5,A	1504804D
135	00100198  	SUB	%r5,%r5,7	55078086
137	0010019c  	OR	%r5,%r5,%r2	55020081
138	001001a0  	STOREW	%r1,%r5	15000049
140	001001a4  	POP	%r5	05000023
142	001001a8  	RET		00000001
150	001001ac print_hex_dw		
151	001001ac  	PUSH	%r5	05000024
153	001001b0  	LLS	%r2,%r2,8	2208808A
155	001001b4  	LRS	%r5,%r0,28	051C808B
158	001001b8  	ADD	%r5,%r5,55	55378084
159	001001bc  	IFL	%r5,A	1504804D
160	001001c0  	SUB	%r5,%r5,7	55078086
162	001001c4  	OR	%r5,%r5,%r2	55020081
163	001001c8  	STOREW	%r1,%r5	15000049
166	001001cc  	LRS	%r5,%r0,24	0518808B
167	001001d0  	AND	%r5,%r5,0F	550F8080
169	001001d4  	ADD	%r1,%r1,2	11028084
170	001001d8  	ADD	%r5,%r5,55	55378084
171	001001dc  	IFL	%r5,A	1504804D
172	001001e0  	SUB	%r5,%r5,7	55078086
174	001001e4  	OR	%r5,%r5,%r2	55020081
175	001001e8  	STOREW	%r1,%r5	15000049
178	001001ec  	LRS	%r5,%r0,20	0514808B
179	001001f0  	AND	%r5,%r5,0F	550F8080
181	001001f4  	ADD	%r1,%r1,2	11028084
182	001001f8  	ADD	%r5,%r5,55	55378084
183	001001fc  	IFL	%r5,A	1504804D
184	00100200  	SUB	%r5,%r5,7	55078086
186	00100204  	OR	%r5,%r5,%r2	55020081
187	00100208  	STOREW	%r1,%r5	15000049
190	0010020c  	LRS	%r5,%r0,16	0510808B
191	00100210  	AND	%r5,%r5,0F	550F8080
193	00100214  	ADD	%r1,%r1,2	11028084
194	00100218  	ADD	%r5,%r5,55	55378084
195	0010021c  	IFL	%r5,A	1504804D
196	00100220  	SUB	%r5,%r5,7	55078086
198	00100224  	OR	%r5,%r5,%r2	55020081
199	00100228  	STOREW	%r1,%r5	15000049
202	0010022c  	LRS	%r5,%r0,12	050C808B
203	00100230  	AND	%r5,%r5,0F	550F8080
205	00100234  	ADD	%r1,%r1,2	11028084
206	00100238  	ADD	%r5,%r5,55	55378084
207	0010023c  	IFL	%r5,A	1504804D
208	00100240  	SUB	%r5,%r5,7	55078086
210	00100244  	OR	%r5,%r5,%r2	55020081
211	00100248  	STOREW	%r1,%r5	15000049
214	0010024c  	LRS	%r5,%r0,8	0508808B
215	00100250  	AND	%r5,%r5,0F	550F8080
217	00100254  	ADD	%r1,%r1,2	11028084
218	00100258  	ADD	%r5,%r5,55	55378084
219	0010025c  	IFL	%r5,A	1504804D
220	00100260  	SUB	%r5,%r5,7	55078086
222	00100264  	OR	%r5,%r5,%r2	55020081
223	00100268  	STOREW	%r1,%r5	15000049
226	0010026c  	LRS	%r5,%r0,4	0504808B
227	00100270  	AND	%r5,%r5,0F	550F8080
229	00100274  	ADD	%r1,%r1,2	11028084
230	00100278  	ADD	%r5,%r5,55	55378084
231	0010027c  	IFL	%r5,A	1504804D
232	00100280  	SUB	%r5,%r5,7	55078086
234	00100284  	OR	%r5,%r5,%r2	55020081
235	00100288  	STOREW	%r1,%r5	15000049
238	0010028c  	AND	%r5,%r0,0F	050F8080
240	00100290  	ADD	%r1,%r1,2	11028084
241	00100294  	ADD	%r5,%r5,55	55378084
242	00100298  	IFL	%r5,A	1504804D
243	0010029c  	SUB	%r5,%r5,7	55078086
245	001002a0  	OR	%r5,%r5,%r2	55020081
246	001002a4  	STOREW	%r1,%r5	15000049
248	001002a8  	POP	%r5	05000023
250	001002ac  	RET		00000001
258	001002b0 print_uint		
259	001002b0  	PUSH	%r5	05000024
260	001002b4  	PUSH	%y	0B000024
262	001002b8  	LLS	%r2,%r2,8	2208808A
263	001002bc  	MOV	%r5,0	05008040
265	001002c0 print_uint_divloop		
266	001002c0  	DIV	%r0,%r0,10	000A8091
267	001002c4  	PUSH	%y	0B000024
268	001002c8  	ADD	%r5,%r5,1	55018084
270	001002cc  	IFNEQ	%r0,0	0000804C
271	001002d0  	JMP	print_uint_divloop	C0029025
273	001002d4 print_uint_printloop		
274	001002d4  	POP	%r0	00000023
275	001002d8  	ADD	%r0,%r0,0	00308084
276	001002dc  	OR	%r0,%r0,%r2	00020081
277	001002e0  	STOREW	%r1,%r0	10000049
279	001002e4  	SUB	%r5,%r5,1	55018086
280	001002e8  	ADD	%r1,%r1,2	11028084
282	001002ec  	IFSLE	%r5,0	05008050
283	001002f0  	JMP	print_uint_end	F8029025
284	001002f4  	JMP	print_uint_printloop	D4029025
286	001002f8 print_uint_end		
287	001002f8  	POP	%y	0B000023
288	001002fc  	POP	%r5	05000023
290	00100300  	RET		00000001
297	00100304 clr_screen		
298	00100304  	MOV	%r3,2400	03968040
299	00100308  	ADD	%r3,%r3,%r0	33000084
301	0010030c  	LLS	%r1,%r1,8	1108808A
302	00100310  	OR	%r1,%r1,20	11208081
303	00100314  	LLS	%r2,%r1,16	1210808A
304	00100318  	OR	%r1,%r1,%r2	11020081
306	0010031c clr_screen_loop		
307	0010031c  	STORE	%r0,%r1	01000048
308	00100320  	ADD	%r0,%r0,4	00048084
310	00100324  	IFLE	%r0,%r3	3000004F
311	00100328  	JMP	clr_screen_loop	1C039025
313	0010032c  	RET		00000001
321	00100330 hwn		
322	00100330  	PUSH	%r4	04000024
323	00100334  	PUSH	%r5	05000024
324	00100338  	MOV	%r3,%r0	03000040
325	0010033c  	MOV	%r0,0	00008040
326	00100340  	MOV	%r1,0	01008040
328	00100344 hwn_for_loop		
330	00100344  	LLS	%r4,%r1,8	1408808A
331	00100348  	ADD	%r4,%r4,110000	4400C08400001100
334	00100350  	LOADB	%r2,%r4	42000047
335	00100354  	IFNEQ	%r2,FF	F20F804C
336	00100358  	JMP	hwn_check_cond_for_loop	68039025
338	0010035c  	ADD	%r5,%r3,%r0	35000084
339	00100360  	STOREB	%r5,%r1	5100004A
340	00100364  	ADD	%r0,%r0,1	00018084
342	00100368 hwn_check_cond_for_loop		
344	00100368  	ADD	%r1,%r1,1	11018084
345	0010036c  	IFL	%r1,32	0102804D
346	00100370  	JMP	hwn_for_loop	44039025
348	00100374 end_hwn		
349	00100374  	POP	%r5	05000023
350	00100378  	POP	%r4	04000023
351	0010037c  	RET		00000001
68	00100380 string	.DB	Hello world!,0	48 65 6C 6C 6F 20 77 6F 72 6C 64 21 00
72	00000000  	.ORG	0	
Symbols:
001000c0  print_loop
001002d4  print_uint_printloop
001000a4  end
00100010  begin_search_tda
00100304  clr_screen
001001ac  print_hex_dw
00100330  hwn
001002c0  print_uint_divloop
001000bc  print
001000e4  print_hex_b
001002b0  print_uint
00100374  end_hwn
00100368  hwn_check_cond_for_loop
001002f8  print_uint_end
001000e0  print_end
0010004c  end_search_tda
001000ac  get_offset_from_row_col
00100380  string
0010031c  clr_screen_loop
00100344  hwn_for_loop
00100128  print_hex_w
