2	00100000  	.ORG	100000	
4	00100000  	MOV	%sp,020000	0D00C04000000200
8	00100008  	MOV	%r10,10FF00	0A00C04000FF1000
9	00100010 begin_search_tda		
10	00100010  	ADD	%r10,%r10,100	AA008184
11	00100014  	IFEQ	%r10,112100	0A00C04B00211100
12	0010001c  	JMP	end_search_tda	4C009025
14	00100020  	LOADB	%r0,%r10	A0000047
15	00100024  	IFNEQ	%r0,FF	F00F804C
16	00100028  	JMP	begin_search_tda	10009025
19	0010002c  	ADD	%r1,%r10,1	A1018084
20	00100030  	LOADB	%r0,%r1	10000047
21	00100034  	IFNEQ	%r0,0E	E000804C
22	00100038  	JMP	begin_search_tda	10009025
25	0010003c  	ADD	%r1,%r10,2	A1028084
26	00100040  	LOADB	%r0,%r1	10000047
27	00100044  	IFNEQ	%r0,01	1000804C
28	00100048  	JMP	begin_search_tda	10009025
30	0010004c end_search_tda		
31	0010004c  	IFEQ	%r10,112100	0A00C04B00211100
32	00100054  	JMP	crash	DC019025
33	00100058  	STORE	TDA_base_dev,%r10	0A208048
35	0010005c  	IFEQ	%r10,FFFFFFFF	0A00C04BFFFFFFFF
36	00100064  	JMP	crash	DC019025
39	00100068  	ADD	%r0,%r10,0A	A00A8084
41	0010006c  	MOV	%r1,001000	01008140
42	00100070  	STORE	%r0,%r1	01000048
44	00100074  	ADD	%r0,%r10,08	A0088084
45	00100078  	MOV	%r1,0	01008040
46	0010007c  	STOREW	%r0,%r1	01000049
49	00100080  	MOV	%r0,001000	00008140
50	00100084  	MOV	%r1,40	01048040
51	00100088  	CALL	clr_screen	3C049026
55	0010008c  	MOV	%r0,dev_table	10008040
56	00100090  	CALL	hwn	68049026
57	00100094  	STOREB	n_dev,%r0	0000804A
61	00100098  	MOV	%r0,29	D0018040
62	0010009c  	MOV	%r1,0	01008040
63	001000a0  	CALL	get_offset_from_row_col	E4019026
64	001000a4  	ADD	%r1,%r0,001000	01009084
66	001000a8  	MOV	%r0,str01	0000C040AC041000
67	001000b0  	MOV	%r2,4F	F2048040
68	001000b4  	CALL	print	F4019026
71	001000b8  	MOV	%r0,29	D0018040
72	001000bc  	MOV	%r1,8	81008040
73	001000c0  	CALL	get_offset_from_row_col	E4019026
74	001000c4  	ADD	%r1,%r0,001000	01009084
76	001000c8  	LOADB	%r0,n_dev	00008047
77	001000cc  	MOV	%r2,48	82048040
78	001000d0  	CALL	print_uint	E8039026
81	001000d4  	MOV	%r0,0	00008040
82	001000d8  	MOV	%r1,0	01008040
83	001000dc  	CALL	get_offset_from_row_col	E4019026
84	001000e0  	ADD	%r1,%r0,001000	01009084
86	001000e4  	MOV	%r0,str02	0000C040B5041000
87	001000ec  	MOV	%r2,4F	F2048040
88	001000f0  	CALL	print	F4019026
91	001000f4  	MOV	%r0,1	10008040
92	001000f8  	MOV	%r1,0	01008040
93	001000fc  	CALL	get_offset_from_row_col	E4019026
94	00100100  	ADD	%r1,%r0,001000	01009084
96	00100104  	MOV	%r0,str03	0000C040DD041000
97	0010010c  	MOV	%r2,49	92048040
98	00100110  	CALL	print	F4019026
102	00100114  	LOADB	%r10,n_dev	0A008047
103	00100118  	MOV	%r5,0	05008040
105	0010011c for_loop		
108	0010011c  	ADD	%r0,%r5,2	50028084
109	00100120  	MOV	%r1,3	31008040
110	00100124  	CALL	get_offset_from_row_col	E4019026
111	00100128  	ADD	%r1,%r0,001000	01009084
112	0010012c  	MOV	%r2,48	82048040
114	00100130  	ADD	%r6,%r5,dev_table	56018084
115	00100134  	MOV	%r0,0	00008040
116	00100138  	LOADB	%r0,%r6	60000047
117	0010013c  	CALL	print_uint	E8039026
119	00100140  	LOADB	%r0,%r6	60000047
120	00100144  	LLS	%r7,%r0,8	0708808A
121	00100148  	ADD	%r7,%r7,110000	7700C08400001100
124	00100150  	ADD	%r6,%r7,1	76018084
125	00100154  	ADD	%r0,%r5,2	50028084
126	00100158  	MOV	%r1,10	A1008040
127	0010015c  	CALL	get_offset_from_row_col	E4019026
128	00100160  	ADD	%r1,%r0,001000	01009084
129	00100164  	MOV	%r2,48	82048040
130	00100168  	LOADB	%r0,%r6	60000047
131	0010016c  	CALL	print_hex_b	1C029026
134	00100170  	ADD	%r6,%r7,2	76028084
135	00100174  	ADD	%r0,%r5,2	50028084
136	00100178  	MOV	%r1,18	21018040
137	0010017c  	CALL	get_offset_from_row_col	E4019026
138	00100180  	ADD	%r1,%r0,001000	01009084
139	00100184  	MOV	%r2,48	82048040
140	00100188  	LOADB	%r0,%r6	60000047
141	0010018c  	CALL	print_hex_b	1C029026
144	00100190  	ADD	%r6,%r7,3	76038084
145	00100194  	ADD	%r0,%r5,2	50028084
146	00100198  	MOV	%r1,26	A1018040
147	0010019c  	CALL	get_offset_from_row_col	E4019026
148	001001a0  	ADD	%r1,%r0,001000	01009084
149	001001a4  	MOV	%r2,48	82048040
150	001001a8  	LOADB	%r0,%r6	60000047
151	001001ac  	CALL	print_hex_b	1C029026
154	001001b0  	ADD	%r6,%r7,4	76048084
155	001001b4  	ADD	%r0,%r5,2	50028084
156	001001b8  	MOV	%r1,30	E1018040
157	001001bc  	CALL	get_offset_from_row_col	E4019026
158	001001c0  	ADD	%r1,%r0,001000	01009084
159	001001c4  	MOV	%r2,48	82048040
160	001001c8  	LOAD	%r0,%r6	60000045
162	001001cc  	CALL	print_hex_dw	E4029026
164	001001d0 for_loop_check		
165	001001d0  	ADD	%r5,%r5,1	55018084
166	001001d4  	IFL	%r5,%r10	A500004D
167	001001d8  	RJMP	for_loop	40FFFF27
170	001001dc crash		
171	001001dc  	SLEEP		00000000
5	001001e0  	.DD	BEEFCAFE	FECAEFBE
13	001001e4 get_offset_from_row_col		
14	001001e4  	LLS	%r1,%r1,1	1101808A
16	001001e8  	MUL	%r0,%r0,80	0050808F
17	001001ec  	ADD	%r0,%r0,%r1	00010084
19	001001f0  	RET		00000001
27	001001f4 print		
28	001001f4  	LLS	%r2,%r2,8	2208808A
30	001001f8 print_loop		
31	001001f8  	LOADB	%r3,%r0	03000047
32	001001fc  	IFEQ	%r3,0	0300804B
33	00100200  	JMP	print_end	18029025
35	00100204  	OR	%r3,%r3,%r2	33020081
36	00100208  	STOREW	%r1,%r3	13000049
38	0010020c  	ADD	%r1,%r1,2	11028084
39	00100210  	ADD	%r0,%r0,1	00018084
40	00100214  	JMP	print_loop	F8019025
42	00100218 print_end		
44	00100218  	RET		00000001
52	0010021c print_hex_b		
53	0010021c  	PUSH	%r5	05000024
55	00100220  	LLS	%r2,%r2,8	2208808A
56	00100224  	LRS	%r5,%r0,4	0504808B
57	00100228  	AND	%r0,%r0,0000000F	000F8080
62	0010022c  	ADD	%r5,%r5,55	55378084
63	00100230  	IFL	%r5,A	1504804D
64	00100234  	SUB	%r5,%r5,7	55078086
66	00100238  	OR	%r5,%r5,%r2	55020081
67	0010023c  	STOREW	%r1,%r5	15000049
70	00100240  	ADD	%r1,%r1,2	11028084
71	00100244  	ADD	%r5,%r0,55	05378084
72	00100248  	IFL	%r5,A	1504804D
73	0010024c  	SUB	%r5,%r5,7	55078086
75	00100250  	OR	%r5,%r5,%r2	55020081
76	00100254  	STOREW	%r1,%r5	15000049
78	00100258  	POP	%r5	05000023
80	0010025c  	RET		00000001
88	00100260 print_hex_w		
89	00100260  	PUSH	%r5	05000024
91	00100264  	LLS	%r2,%r2,8	2208808A
93	00100268  	LRS	%r5,%r0,12	050C808B
96	0010026c  	ADD	%r5,%r5,55	55378084
97	00100270  	IFL	%r5,A	1504804D
98	00100274  	SUB	%r5,%r5,7	55078086
100	00100278  	OR	%r5,%r5,%r2	55020081
101	0010027c  	STOREW	%r1,%r5	15000049
104	00100280  	LRS	%r5,%r0,8	0508808B
105	00100284  	AND	%r5,%r5,0F	550F8080
107	00100288  	ADD	%r1,%r1,2	11028084
108	0010028c  	ADD	%r5,%r5,55	55378084
109	00100290  	IFL	%r5,A	1504804D
110	00100294  	SUB	%r5,%r5,7	55078086
112	00100298  	OR	%r5,%r5,%r2	55020081
113	0010029c  	STOREW	%r1,%r5	15000049
116	001002a0  	LRS	%r5,%r0,4	0504808B
117	001002a4  	AND	%r5,%r5,0F	550F8080
119	001002a8  	ADD	%r1,%r1,2	11028084
120	001002ac  	ADD	%r5,%r5,55	55378084
121	001002b0  	IFL	%r5,A	1504804D
122	001002b4  	SUB	%r5,%r5,7	55078086
124	001002b8  	OR	%r5,%r5,%r2	55020081
125	001002bc  	STOREW	%r1,%r5	15000049
128	001002c0  	AND	%r5,%r0,0F	050F8080
130	001002c4  	ADD	%r1,%r1,2	11028084
131	001002c8  	ADD	%r5,%r5,55	55378084
132	001002cc  	IFL	%r5,A	1504804D
133	001002d0  	SUB	%r5,%r5,7	55078086
135	001002d4  	OR	%r5,%r5,%r2	55020081
136	001002d8  	STOREW	%r1,%r5	15000049
138	001002dc  	POP	%r5	05000023
140	001002e0  	RET		00000001
148	001002e4 print_hex_dw		
149	001002e4  	PUSH	%r5	05000024
151	001002e8  	LLS	%r2,%r2,8	2208808A
153	001002ec  	LRS	%r5,%r0,28	051C808B
156	001002f0  	ADD	%r5,%r5,55	55378084
157	001002f4  	IFL	%r5,A	1504804D
158	001002f8  	SUB	%r5,%r5,7	55078086
160	001002fc  	OR	%r5,%r5,%r2	55020081
161	00100300  	STOREW	%r1,%r5	15000049
164	00100304  	LRS	%r5,%r0,24	0518808B
165	00100308  	AND	%r5,%r5,0F	550F8080
167	0010030c  	ADD	%r1,%r1,2	11028084
168	00100310  	ADD	%r5,%r5,55	55378084
169	00100314  	IFL	%r5,A	1504804D
170	00100318  	SUB	%r5,%r5,7	55078086
172	0010031c  	OR	%r5,%r5,%r2	55020081
173	00100320  	STOREW	%r1,%r5	15000049
176	00100324  	LRS	%r5,%r0,20	0514808B
177	00100328  	AND	%r5,%r5,0F	550F8080
179	0010032c  	ADD	%r1,%r1,2	11028084
180	00100330  	ADD	%r5,%r5,55	55378084
181	00100334  	IFL	%r5,A	1504804D
182	00100338  	SUB	%r5,%r5,7	55078086
184	0010033c  	OR	%r5,%r5,%r2	55020081
185	00100340  	STOREW	%r1,%r5	15000049
188	00100344  	LRS	%r5,%r0,16	0510808B
189	00100348  	AND	%r5,%r5,0F	550F8080
191	0010034c  	ADD	%r1,%r1,2	11028084
192	00100350  	ADD	%r5,%r5,55	55378084
193	00100354  	IFL	%r5,A	1504804D
194	00100358  	SUB	%r5,%r5,7	55078086
196	0010035c  	OR	%r5,%r5,%r2	55020081
197	00100360  	STOREW	%r1,%r5	15000049
200	00100364  	LRS	%r5,%r0,12	050C808B
201	00100368  	AND	%r5,%r5,0F	550F8080
203	0010036c  	ADD	%r1,%r1,2	11028084
204	00100370  	ADD	%r5,%r5,55	55378084
205	00100374  	IFL	%r5,A	1504804D
206	00100378  	SUB	%r5,%r5,7	55078086
208	0010037c  	OR	%r5,%r5,%r2	55020081
209	00100380  	STOREW	%r1,%r5	15000049
212	00100384  	LRS	%r5,%r0,8	0508808B
213	00100388  	AND	%r5,%r5,0F	550F8080
215	0010038c  	ADD	%r1,%r1,2	11028084
216	00100390  	ADD	%r5,%r5,55	55378084
217	00100394  	IFL	%r5,A	1504804D
218	00100398  	SUB	%r5,%r5,7	55078086
220	0010039c  	OR	%r5,%r5,%r2	55020081
221	001003a0  	STOREW	%r1,%r5	15000049
224	001003a4  	LRS	%r5,%r0,4	0504808B
225	001003a8  	AND	%r5,%r5,0F	550F8080
227	001003ac  	ADD	%r1,%r1,2	11028084
228	001003b0  	ADD	%r5,%r5,55	55378084
229	001003b4  	IFL	%r5,A	1504804D
230	001003b8  	SUB	%r5,%r5,7	55078086
232	001003bc  	OR	%r5,%r5,%r2	55020081
233	001003c0  	STOREW	%r1,%r5	15000049
236	001003c4  	AND	%r5,%r0,0F	050F8080
238	001003c8  	ADD	%r1,%r1,2	11028084
239	001003cc  	ADD	%r5,%r5,55	55378084
240	001003d0  	IFL	%r5,A	1504804D
241	001003d4  	SUB	%r5,%r5,7	55078086
243	001003d8  	OR	%r5,%r5,%r2	55020081
244	001003dc  	STOREW	%r1,%r5	15000049
246	001003e0  	POP	%r5	05000023
248	001003e4  	RET		00000001
256	001003e8 print_uint		
257	001003e8  	PUSH	%r5	05000024
258	001003ec  	PUSH	%y	0B000024
260	001003f0  	LLS	%r2,%r2,8	2208808A
261	001003f4  	MOV	%r5,0	05008040
263	001003f8 print_uint_divloop		
264	001003f8  	DIV	%r0,%r0,10	000A8091
265	001003fc  	PUSH	%y	0B000024
266	00100400  	ADD	%r5,%r5,1	55018084
268	00100404  	IFNEQ	%r0,0	0000804C
269	00100408  	JMP	print_uint_divloop	F8039025
271	0010040c print_uint_printloop		
272	0010040c  	POP	%r0	00000023
273	00100410  	ADD	%r0,%r0,0	00308084
274	00100414  	OR	%r0,%r0,%r2	00020081
275	00100418  	STOREW	%r1,%r0	10000049
277	0010041c  	SUB	%r5,%r5,1	55018086
278	00100420  	ADD	%r1,%r1,2	11028084
280	00100424  	IFSLE	%r5,0	05008050
281	00100428  	JMP	print_uint_end	30049025
282	0010042c  	JMP	print_uint_printloop	0C049025
284	00100430 print_uint_end		
285	00100430  	POP	%y	0B000023
286	00100434  	POP	%r5	05000023
288	00100438  	RET		00000001
295	0010043c clr_screen		
296	0010043c  	MOV	%r3,2400	03968040
297	00100440  	ADD	%r3,%r3,%r0	33000084
299	00100444  	LLS	%r1,%r1,8	1108808A
300	00100448  	OR	%r1,%r1,20	11208081
301	0010044c  	LLS	%r2,%r1,16	1210808A
302	00100450  	OR	%r1,%r1,%r2	11020081
304	00100454 clr_screen_loop		
305	00100454  	STORE	%r0,%r1	01000048
306	00100458  	ADD	%r0,%r0,4	00048084
308	0010045c  	IFLE	%r0,%r3	3000004F
309	00100460  	JMP	clr_screen_loop	54049025
311	00100464  	RET		00000001
319	00100468 hwn		
320	00100468  	PUSH	%r4	04000024
321	0010046c  	MOV	%r3,%r0	03000040
322	00100470  	MOV	%r0,0	00008040
323	00100474  	MOV	%r1,0	01008040
325	00100478 hwn_for_loop		
327	00100478  	LLS	%r4,%r1,8	1408808A
328	0010047c  	ADD	%r4,%r4,110000	4400C08400001100
331	00100484  	LOADB	%r2,%r4	42000047
332	00100488  	IFNEQ	%r2,FF	F20F804C
333	0010048c  	JMP	hwn_check_cond_for_loop	98049025
335	00100490  	STOREB	%r3,%r0,%r1	31000098
336	00100494  	ADD	%r0,%r0,1	00018084
338	00100498 hwn_check_cond_for_loop		
340	00100498  	ADD	%r1,%r1,1	11018084
341	0010049c  	IFL	%r1,32	0102804D
342	001004a0  	JMP	hwn_for_loop	78049025
344	001004a4 end_hwn		
345	001004a4  	POP	%r4	04000023
346	001004a8  	RET		00000001
178	001004ac str01	.db	Nº Dev: ,0	4E BA 20 44 65 76 3A 20 00
179	001004b5 str02	.db	| Slot | Type | SubType | ID | Vendor |,0	7C 20 53 6C 6F 74 20 7C 20 54 79 70 65 20 7C 20 53 75 62 54 79 70 65 20 7C 20 49 44 20 7C 20 56 65 6E 64 6F 72 20 7C 00
180	001004dd str03	.db	+------+------+---------+----+--------+,0	2B 2D 2D 2D 2D 2D 2D 2B 2D 2D 2D 2D 2D 2D 2B 2D 2D 2D 2D 2D 2D 2D 2D 2D 2B 2D 2D 2D 2D 2B 2D 2D 2D 2D 2D 2D 2D 2D 2B 00
184	00000000  	.ORG	0	
185	00000000 n_dev	.db	0	00
186	00000001 dev_table	.db	0,1,2,3,4,5,6,7,8,9,10,a,b,0,1,2,3,4,5,6,7,8	00 01 02 03 04 05 06 07 08 09 0A 61 62 00 01 02 03 04 05 06 07 08
188	00000200  	.ORG	0200	
189	00000200 TDA_base_dev	.dw	0	0000
Symbols:
00000200  TDA_base_dev
001001d0  for_loop_check
001004ac  str01
00100454  clr_screen_loop
00100218  print_end
00100010  begin_search_tda
0010043c  clr_screen
001004a4  end_hwn
001001f4  print
00100260  print_hex_w
0010040c  print_uint_printloop
00100430  print_uint_end
001001e4  get_offset_from_row_col
001004dd  str03
001003f8  print_uint_divloop
0010011c  for_loop
0010021c  print_hex_b
001001f8  print_loop
001001dc  crash
00000000  n_dev
00100468  hwn
001004b5  str02
00100478  hwn_for_loop
00000001  dev_table
001003e8  print_uint
00100498  hwn_check_cond_for_loop
0010004c  end_search_tda
001002e4  print_hex_dw
