2	00100000  	.ORG	100000	
4	00100000  	MOV	%sp,020000	0D00C04000000200
12	00100008  	MOV	%r0,600	80258040
13	0010000c begin		
14	0010000c  	STOREW	11E020,%r0	0000C04920E01100
16	00100014  	MOV	%r1,0	01008040
17	00100018 wait_loop0		
18	00100018  	ADD	%r0,%r0,0	00008084
19	0010001c  	ADD	%r1,%r1,1	11018084
20	00100020  	IFL	%r1,1000	813E804D
21	00100024  	RJMP	wait_loop0	F0FFFF27
23	00100028  	SUB	%r0,%r0,10	000A8086
24	0010002c  	IFL	%r0,500	401F804D
25	00100030  	RJMP	again	04008027
26	00100034  	RJMP	begin	D4FFFF27
28	00100038 again		
29	00100038  	MOV	%r0,600	80258040
30	0010003c  	RJMP	begin	CCFFFF27
32	00100040  	SLEEP		00000000
Symbols:
00100038  again
00100018  wait_loop0
0010000c  begin
