1	00100000  	.ORG	100000	
3	00100000  	MOV	%SP,020000	0D00C04000000200
4	00100008  	MOV	%IA,10	0E018040
5	0010000c  	MOV	%FLAGS,100	0F108040
7	00100010  	MOV	%R0,int_m5fdd	0000C04054011000
8	00100018  	STORE	18,%R0	80018048
11	0010001c  	MOV	%R5,110000	0500C04000001100
12	00100024  	ADD	%R5,%R5,000600	55008684
15	00100028  	MOV	%R10,0	0A008040
16	0010002c  	LOADB	%R0,%R5,0	50008095
17	00100030  	IFNEQ	%R0,FF	F00F804C
18	00100034  	JMP	crash	4C019025
21	00100038  	MOV	%R10,1	1A008040
22	0010003c  	LOADB	%R0,%R5,01	50018095
23	00100040  	IFNEQ	%R0,08	8000804C
24	00100044  	JMP	crash	4C019025
27	00100048  	MOV	%R10,2	2A008040
28	0010004c  	LOADB	%R0,%R5,02	50028095
29	00100050  	IFNEQ	%R0,01	1000804C
30	00100054  	JMP	crash	4C019025
33	00100058  	MOV	%R10,3	3A008040
34	0010005c  	LOADB	%R0,%R5,03	50038095
35	00100060  	IFNEQ	%R0,01	1000804C
36	00100064  	JMP	crash	4C019025
39	00100068  	MOV	%R10,4	4A008040
40	0010006c  	LOAD	%R0,%R5,04	50048093
41	00100070  	IFNEQ	%R0,1EB37E91	0000C04C917EB31E
42	00100078  	JMP	crash	4C019025
45	0010007c  	MOV	%R10,5	5A008040
46	00100080  	LOADW	%R0,%R5,10	50108094
47	00100084  	IFNEQ	%R0,01	1000804C
48	00100088  	JMP	crash	4C019025
51	0010008c  	MOV	%R10,6	6A008040
52	00100090  	LOADW	%R0,%R5,12	50128094
53	00100094  	IFNEQ	%R0,00	0000804C
54	00100098  	JMP	crash	4C019025
59	0010009c  	MOV	%R10,7	7A008040
60	001000a0  	MOV	%R1,0003	31008040
61	001000a4  	STOREW	%R5,8,%R1	51088097
62	001000a8  	LOADW	%R0,%R5,0A	500A8094
63	001000ac  	IFNEQ	%R0,50	0005804C
64	001000b0  	JMP	crash	4C019025
67	001000b4  	MOV	%R1,02	21008040
68	001000b8  	STOREW	%R5,0A,%R1	510A8097
69	001000bc  	MOV	%R1,00	01008040
70	001000c0  	STOREW	%R5,08,%R1	51088097
73	001000c4  	MOV	%R0,0	00008040
74	001000c8  	MOV	%R1,1000	01008140
75	001000cc genLoop		
76	001000cc  	STOREB	%R1,%R0,%R0	10000098
77	001000d0  	ADD	%R0,%R0,1	00018084
78	001000d4  	IFLE	%R0,FF	F00F804F
79	001000d8  	JMP	genLoop	CC009025
82	001000dc  	MOV	%R10,8	8A008040
83	001000e0  	MOV	%R1,1000	01008140
84	001000e4  	STOREW	%R5,0A,%R1	510A8097
85	001000e8  	MOV	%R1,00	01008040
86	001000ec  	STOREW	%R5,0E,%R1	510E8097
87	001000f0  	MOV	%R1,0002	21008040
88	001000f4  	STOREW	%R5,08,%R1	51088097
90	001000f8 _sleep1		
91	001000f8  	SLEEP		00000000
92	001000fc  	LOADW	%R6,%R5,10	56108094
93	00100100  	IFNEQ	%R6,0001	1600804C
94	00100104  	JMP	_sleep1	F8009025
97	00100108  	MOV	%R10,9	9A008040
98	0010010c  	MOV	%R1,2000	01008240
99	00100110  	STOREW	%R5,0A,%R1	510A8097
100	00100114  	MOV	%R1,0001	11008040
101	00100118  	STOREW	%R5,08,%R1	51088097
103	0010011c _sleep2		
104	0010011c  	SLEEP		00000000
105	00100120  	LOADW	%R6,%R5,10	56108094
106	00100124  	IFNEQ	%R6,0001	1600804C
107	00100128  	JMP	_sleep2	1C019025
110	0010012c  	MOV	%R10,10	AA008040
111	00100130  	MOV	%R1,2000	01008240
112	00100134  	STOREW	%R5,0A,%R1	510A8097
113	00100138  	MOV	%R1,01	11008040
114	0010013c  	STOREW	%R5,0E,%R1	510E8097
115	00100140  	MOV	%R1,0002	21008040
116	00100144  	STOREW	%R5,08,%R1	51088097
117	00100148  	SLEEP		00000000
120	0010014c crash		
121	0010014c  	SLEEP		00000000
122	00100150  	JMP	crash	4C019025
124	00100154 int_m5fdd		
125	00100154  	MOV	%R9,%R0	09000040
126	00100158  	RFI		00000002
129	0010015c LIB_memcmp		
133	0010015c  	PUSH	%R3	03000024
134	00100160  	PUSH	%R4	04000024
135	00100164  	PUSH	%R5	05000024
137	00100168  	MOV	%R4,0	04008040
138	0010016c  	MOV	%R3,-1	F3FFFF40
139	00100170 _memcmp_loop		
140	00100170  	ADD	%R3,%R3,1	33018084
141	00100174  	IFLE	%R2,%R3	3200004F
142	00100178  	RJMP	_memcmp_loop_end	14008027
143	0010017c  	LOADB	%R4,%R0,%R3	04030095
144	00100180  	LOADB	%R5,%R0,%R3	05030095
145	00100184  	SUB	%R4,%R4,%R5	44050086
146	00100188  	IFEQ	%R4,0	0400804B
147	0010018c  	RJMP	_memcmp_loop	E0FFFF27
148	00100190 _memcmp_loop_end		
149	00100190  	MOV	%R0,%R4	40000040
151	00100194  	PUSH	%R5	05000024
152	00100198  	PUSH	%R4	04000024
153	0010019c  	PUSH	%R3	03000024
154	001001a0  	RET		00000001
Symbols:
00100170  _memcmp_loop
001000f8  _sleep1
001000cc  genLoop
00100154  int_m5fdd
0010011c  _sleep2
00100190  _memcmp_loop_end
0010015c  LIB_memcmp
0010014c  crash
