2	00100000  	.ORG	100000	
4	00100000  	MOV	%sp,20000	010600A04000000200
7	00100008  	MOV	%r10,10FF00	000500A04000FF1000
8	00100010 begin_search_tda		
9	00100010  	ADD	%r10,%r10,100	AA008184
10	00100014  	IFEQ	%r10,112100	000500A04B00211100
11	0010001c  	JMP	end	0125
13	0010001d  	LOADB	%r0,%r10	A0000047
14	00100021  	IFNEQ	%r0,FF	F00F804C
15	00100025  	JMP	begin_search_tda	0125
17	00100026  	ADD	%r1,%r10,1	A1018084
18	0010002a  	LOADB	%r0,%r1	10000047
19	0010002e  	IFNEQ	%r0,0E	E000804C
20	00100032  	JMP	begin_search_tda	0125
22	00100033  	ADD	%r1,%r10,2	A1028084
23	00100037  	LOADB	%r0,%r1	10000047
24	0010003b  	IFNEQ	%r0,01	1000804C
25	0010003f  	JMP	begin_search_tda	0125
27	00100040 end_search_tda		
29	00100040  	ADD	%r0,%r10,0A	A00A8084
31	00100044  	MOV	%r1,001000	01008140
32	00100048  	STORE	%r0,%r1	10000048
34	0010004c  	ADD	%r0,%r10,08	A0088084
35	00100050  	MOV	%r1,0	01008040
36	00100054  	STOREW	%r0,%r1	10000049
39	00100058  	MOV	%r0,001000	00008140
40	0010005c  	MOV	%r1,B0	010B8040
41	00100060  	CALL	clr_screen	0126
44	00100062  	MOV	%r1,001000	01008140
45	00100066  	MOV	%r0,string	000000A040
46	0010006a  	MOV	%r2,4F	F2048040
47	0010006e  	CALL	print	0126
50	0010006f  	MOV	%r0,3	30008040
51	00100073  	MOV	%r1,3	31008040
52	00100077  	CALL	get_offset_from_row_col	0126
53	00100078  	ADD	%r1,%r0,001000	01009084
55	0010007c  	MOV	%r0,string	000000A040
56	00100080  	MOV	%r2,78	82078040
57	00100084  	CALL	print	0126
59	00100085 end		
60	00100085  	SLEEP		00000000
5	00100089  	.DD	BEEFCAFE	FECAEFBE
13	0010008d get_offset_from_row_col		
16	0010008d  	LLS	%r1,%r1,1	1101808A
18	00100091  	MUL	%r0,%r0,80	0050808F
19	00100095  	ADD	%r0,%r0,%r1	00010084
21	00100099  	RET		00000001
29	0010009d print		
30	0010009d  	LLS	%r2,%r2,8	2208808A
32	001000a1 print_loop		
33	001000a1  	LOADB	%r3,%r0	03000047
34	001000a5  	IFEQ	%r3,0	0300804B
35	001000a9  	RJMP	print_end	0127
37	001000aa  	OR	%r3,%r3,%r2	33020081
38	001000ae  	STOREW	%r1,%r3	31000049
40	001000b2  	ADD	%r1,%r1,2	11028084
41	001000b6  	ADD	%r0,%r0,1	00018084
42	001000ba  	RJMP	print_loop	0127
44	001000bb print_end		
46	001000bb  	RET		00000001
54	001000bf print_hex_b		
55	001000bf  	PUSH	%r5	05000024
57	001000c3  	LLS	%r2,%r2,8	2208808A
58	001000c7  	LRS	%r5,%r0,4	0504808B
59	001000cb  	AND	%r0,%r0,0000000F	000F8080
64	001000cf  	ADD	%r5,%r5,55	55378084
65	001000d3  	IFL	%r5,A	1504804D
66	001000d7  	SUB	%r5,%r5,7	55078086
68	001000db  	OR	%r5,%r5,%r2	55020081
69	001000df  	STOREW	%r1,%r5	51000049
72	001000e3  	ADD	%r1,%r1,2	11028084
73	001000e7  	ADD	%r5,%r0,55	05378084
74	001000eb  	IFL	%r5,A	1504804D
75	001000ef  	SUB	%r5,%r5,7	55078086
77	001000f3  	OR	%r5,%r5,%r2	55020081
78	001000f7  	STOREW	%r1,%r5	51000049
80	001000fb  	POP	%r5	05000023
82	001000ff  	RET		00000001
90	00100103 print_hex_w		
91	00100103  	PUSH	%r5	05000024
93	00100107  	LLS	%r2,%r2,8	2208808A
95	0010010b  	LRS	%r5,%r0,12	050C808B
98	0010010f  	ADD	%r5,%r5,55	55378084
99	00100113  	IFL	%r5,A	1504804D
100	00100117  	SUB	%r5,%r5,7	55078086
102	0010011b  	OR	%r5,%r5,%r2	55020081
103	0010011f  	STOREW	%r1,%r5	51000049
106	00100123  	LRS	%r5,%r0,8	0508808B
107	00100127  	AND	%r5,%r5,0F	550F8080
109	0010012b  	ADD	%r1,%r1,2	11028084
110	0010012f  	ADD	%r5,%r5,55	55378084
111	00100133  	IFL	%r5,A	1504804D
112	00100137  	SUB	%r5,%r5,7	55078086
114	0010013b  	OR	%r5,%r5,%r2	55020081
115	0010013f  	STOREW	%r1,%r5	51000049
118	00100143  	LRS	%r5,%r0,4	0504808B
119	00100147  	AND	%r5,%r5,0F	550F8080
121	0010014b  	ADD	%r1,%r1,2	11028084
122	0010014f  	ADD	%r5,%r5,55	55378084
123	00100153  	IFL	%r5,A	1504804D
124	00100157  	SUB	%r5,%r5,7	55078086
126	0010015b  	OR	%r5,%r5,%r2	55020081
127	0010015f  	STOREW	%r1,%r5	51000049
130	00100163  	AND	%r5,%r0,0F	050F8080
132	00100167  	ADD	%r1,%r1,2	11028084
133	0010016b  	ADD	%r5,%r5,55	55378084
134	0010016f  	IFL	%r5,A	1504804D
135	00100173  	SUB	%r5,%r5,7	55078086
137	00100177  	OR	%r5,%r5,%r2	55020081
138	0010017b  	STOREW	%r1,%r5	51000049
140	0010017f  	POP	%r5	05000023
142	00100183  	RET		00000001
150	00100187 print_hex_dw		
151	00100187  	PUSH	%r5	05000024
153	0010018b  	LLS	%r2,%r2,8	2208808A
155	0010018f  	LRS	%r5,%r0,28	051C808B
158	00100193  	ADD	%r5,%r5,55	55378084
159	00100197  	IFL	%r5,A	1504804D
160	0010019b  	SUB	%r5,%r5,7	55078086
162	0010019f  	OR	%r5,%r5,%r2	55020081
163	001001a3  	STOREW	%r1,%r5	51000049
166	001001a7  	LRS	%r5,%r0,24	0518808B
167	001001ab  	AND	%r5,%r5,0F	550F8080
169	001001af  	ADD	%r1,%r1,2	11028084
170	001001b3  	ADD	%r5,%r5,55	55378084
171	001001b7  	IFL	%r5,A	1504804D
172	001001bb  	SUB	%r5,%r5,7	55078086
174	001001bf  	OR	%r5,%r5,%r2	55020081
175	001001c3  	STOREW	%r1,%r5	51000049
178	001001c7  	LRS	%r5,%r0,20	0514808B
179	001001cb  	AND	%r5,%r5,0F	550F8080
181	001001cf  	ADD	%r1,%r1,2	11028084
182	001001d3  	ADD	%r5,%r5,55	55378084
183	001001d7  	IFL	%r5,A	1504804D
184	001001db  	SUB	%r5,%r5,7	55078086
186	001001df  	OR	%r5,%r5,%r2	55020081
187	001001e3  	STOREW	%r1,%r5	51000049
190	001001e7  	LRS	%r5,%r0,16	0510808B
191	001001eb  	AND	%r5,%r5,0F	550F8080
193	001001ef  	ADD	%r1,%r1,2	11028084
194	001001f3  	ADD	%r5,%r5,55	55378084
195	001001f7  	IFL	%r5,A	1504804D
196	001001fb  	SUB	%r5,%r5,7	55078086
198	001001ff  	OR	%r5,%r5,%r2	55020081
199	00100203  	STOREW	%r1,%r5	51000049
202	00100207  	LRS	%r5,%r0,12	050C808B
203	0010020b  	AND	%r5,%r5,0F	550F8080
205	0010020f  	ADD	%r1,%r1,2	11028084
206	00100213  	ADD	%r5,%r5,55	55378084
207	00100217  	IFL	%r5,A	1504804D
208	0010021b  	SUB	%r5,%r5,7	55078086
210	0010021f  	OR	%r5,%r5,%r2	55020081
211	00100223  	STOREW	%r1,%r5	51000049
214	00100227  	LRS	%r5,%r0,8	0508808B
215	0010022b  	AND	%r5,%r5,0F	550F8080
217	0010022f  	ADD	%r1,%r1,2	11028084
218	00100233  	ADD	%r5,%r5,55	55378084
219	00100237  	IFL	%r5,A	1504804D
220	0010023b  	SUB	%r5,%r5,7	55078086
222	0010023f  	OR	%r5,%r5,%r2	55020081
223	00100243  	STOREW	%r1,%r5	51000049
226	00100247  	LRS	%r5,%r0,4	0504808B
227	0010024b  	AND	%r5,%r5,0F	550F8080
229	0010024f  	ADD	%r1,%r1,2	11028084
230	00100253  	ADD	%r5,%r5,55	55378084
231	00100257  	IFL	%r5,A	1504804D
232	0010025b  	SUB	%r5,%r5,7	55078086
234	0010025f  	OR	%r5,%r5,%r2	55020081
235	00100263  	STOREW	%r1,%r5	51000049
238	00100267  	AND	%r5,%r0,0F	050F8080
240	0010026b  	ADD	%r1,%r1,2	11028084
241	0010026f  	ADD	%r5,%r5,55	55378084
242	00100273  	IFL	%r5,A	1504804D
243	00100277  	SUB	%r5,%r5,7	55078086
245	0010027b  	OR	%r5,%r5,%r2	55020081
246	0010027f  	STOREW	%r1,%r5	51000049
248	00100283  	POP	%r5	05000023
250	00100287  	RET		00000001
257	0010028b clr_screen		
258	0010028b  	MOV	%r3,2400	03968040
259	0010028f  	ADD	%r3,%r3,%r0	33000084
261	00100293  	LLS	%r1,%r1,8	1108808A
262	00100297  	OR	%r1,%r1,20	11208081
264	0010029b clr_screen_loop		
265	0010029b  	STOREW	%r0,%r1	10000049
266	0010029f  	ADD	%r0,%r0,2	00028084
268	001002a3  	IFLE	%r0,%r3	3000004F
269	001002a7  	RJMP	clr_screen_loop	0127
271	001002a9  	RET		00000001
279	001002ad hwn		
280	001002ad  	PUSH	%r4	04000024
281	001002b1  	PUSH	%r5	05000024
282	001002b5  	MOV	%r3,%r0	03000040
283	001002b9  	MOV	%r0,0	00008040
284	001002bd  	MOV	%r1,0	01008040
286	001002c1 hwn_for_loop		
288	001002c1  	LLS	%r4,%r1,8	1408808A
289	001002c5  	ADD	%r4,%r4,110000	002200A08400001100
292	001002cd  	LOADB	%r2,%r4	42000047
293	001002d1  	IFNEQ	%r2,FF	F20F804C
294	001002d5  	RJMP	hwn_check_cond_for_loop	0127
296	001002d6  	ADD	%r5,%r3,%r0	35000084
297	001002da  	STOREB	%r5,%r1	1500004A
298	001002de  	ADD	%r0,%r0,1	00018084
300	001002e2 hwn_check_cond_for_loop		
302	001002e2  	ADD	%r1,%r1,1	11018084
303	001002e6  	IFL	%r1,32	0102804D
304	001002ea  	RJMP	hwn_for_loop	C1029027
306	001002ee end_hwn		
307	001002ee  	POP	%r5	05000023
308	001002f2  	POP	%r4	04000023
309	001002f6  	RET		00000001
68	001002fa string	.DB	Hello world!,0	48 65 6C 6C 6F 20 77 6F 72 6C 64 21 00
72	00000000  	.ORG	0	
Symbols:
00100040  end_search_tda
001002fa  string
0010009d  print
00100187  print_hex_dw
0010028b  clr_screen
001000bf  print_hex_b
001000a1  print_loop
001002e2  hwn_check_cond_for_loop
001002ee  end_hwn
00100010  begin_search_tda
001002ad  hwn
00100085  end
001002c1  hwn_for_loop
001000bb  print_end
0010029b  clr_screen_loop
0010008d  get_offset_from_row_col
00100103  print_hex_w
