2	00100000  	.ORG	100000	
4	00100000  	MOV	%sp,020000	0D00C04000000200
8	00100008  	MOV	%r10,10FF00	0A00C04000FF1000
9	00100010 begin_search_tda		
10	00100010  	ADD	%r10,%r10,100	AA008184
11	00100014  	IFEQ	%r10,112100	0A00C04B00211100
12	0010001c  	JMP	end_search_tda	4C009025
14	00100020  	LOADB	%r0,%r10	A0000047
15	00100024  	IFNEQ	%r0,FF	F00F804C
16	00100028  	JMP	begin_search_tda	10009025
18	0010002c  	ADD	%r1,%r10,1	A1018084
19	00100030  	LOADB	%r0,%r1	10000047
20	00100034  	IFNEQ	%r0,0E	E000804C
21	00100038  	JMP	begin_search_tda	10009025
23	0010003c  	ADD	%r1,%r10,2	A1028084
24	00100040  	LOADB	%r0,%r1	10000047
25	00100044  	IFNEQ	%r0,01	1000804C
26	00100048  	JMP	begin_search_tda	10009025
28	0010004c end_search_tda		
29	0010004c  	IFEQ	%r10,112100	0A00C04B00211100
30	00100054  	JMP	crash	D8019025
31	00100058  	STORE	TDA_base_dev,%r10	0A208048
33	0010005c  	IFEQ	%r10,FFFFFFFF	0A00C04BFFFFFFFF
34	00100064  	JMP	crash	D8019025
37	00100068  	ADD	%r0,%r10,0A	A00A8084
39	0010006c  	MOV	%r1,001000	01008140
40	00100070  	STORE	%r0,%r1	01000048
42	00100074  	ADD	%r0,%r10,08	A0088084
43	00100078  	MOV	%r1,0	01008040
44	0010007c  	STOREW	%r0,%r1	01000049
47	00100080  	MOV	%r0,001000	00008140
48	00100084  	MOV	%r1,40	01048040
49	00100088  	CALL	clr_screen	38049026
53	0010008c  	MOV	%r0,dev_table	10008040
54	00100090  	CALL	hwn	64049026
55	00100094  	STOREB	n_dev,%r0	0000804A
59	00100098  	MOV	%r0,29	D0018040
60	0010009c  	MOV	%r1,0	01008040
61	001000a0  	CALL	get_offset_from_row_col	E0019026
62	001000a4  	ADD	%r1,%r0,001000	01009084
64	001000a8  	MOV	%r0,str01	0000C040B4041000
65	001000b0  	MOV	%r2,4F	F2048040
66	001000b4  	CALL	print	F0019026
69	001000b8  	MOV	%r0,29	D0018040
70	001000bc  	MOV	%r1,8	81008040
71	001000c0  	CALL	get_offset_from_row_col	E0019026
72	001000c4  	ADD	%r1,%r0,001000	01009084
74	001000c8  	LOADB	%r0,n_dev	00008047
75	001000cc  	MOV	%r2,48	82048040
76	001000d0  	CALL	print_uint	E4039026
79	001000d4  	MOV	%r0,0	00008040
80	001000d8  	MOV	%r1,0	01008040
81	001000dc  	CALL	get_offset_from_row_col	E0019026
82	001000e0  	ADD	%r1,%r0,001000	01009084
84	001000e4  	MOV	%r0,str02	0000C040BD041000
85	001000ec  	MOV	%r2,4F	F2048040
86	001000f0  	CALL	print	F0019026
89	001000f4  	MOV	%r0,1	10008040
90	001000f8  	MOV	%r1,0	01008040
91	001000fc  	CALL	get_offset_from_row_col	E0019026
92	00100100  	ADD	%r1,%r0,001000	01009084
94	00100104  	MOV	%r0,str03	0000C040E5041000
95	0010010c  	MOV	%r2,49	92048040
96	00100110  	CALL	print	F0019026
100	00100114  	LOADB	%r10,n_dev	0A008047
101	00100118  	MOV	%r5,0	05008040
103	0010011c for_loop		
106	0010011c  	ADD	%r0,%r5,2	50028084
107	00100120  	MOV	%r1,3	31008040
108	00100124  	CALL	get_offset_from_row_col	E0019026
109	00100128  	ADD	%r1,%r0,001000	01009084
110	0010012c  	MOV	%r2,48	82048040
112	00100130  	ADD	%r6,%r5,dev_table	56018084
113	00100134  	MOV	%r0,0	00008040
114	00100138  	LOADB	%r0,%r6	60000047
115	0010013c  	CALL	print_uint	E4039026
117	00100140  	LLS	%r7,%r0,8	0708808A
118	00100144  	ADD	%r7,%r7,110000	7700C08400001100
121	0010014c  	ADD	%r6,%r7,1	76018084
122	00100150  	ADD	%r0,%r5,2	50028084
123	00100154  	MOV	%r1,10	A1008040
124	00100158  	CALL	get_offset_from_row_col	E0019026
125	0010015c  	ADD	%r1,%r0,001000	01009084
126	00100160  	MOV	%r2,48	82048040
127	00100164  	LOADB	%r0,%r6	60000047
128	00100168  	CALL	print_hex_b	18029026
131	0010016c  	ADD	%r6,%r7,2	76028084
132	00100170  	ADD	%r0,%r5,2	50028084
133	00100174  	MOV	%r1,18	21018040
134	00100178  	CALL	get_offset_from_row_col	E0019026
135	0010017c  	ADD	%r1,%r0,001000	01009084
136	00100180  	MOV	%r2,48	82048040
137	00100184  	LOADB	%r0,%r6	60000047
138	00100188  	CALL	print_hex_b	18029026
141	0010018c  	ADD	%r6,%r7,3	76038084
142	00100190  	ADD	%r0,%r5,2	50028084
143	00100194  	MOV	%r1,26	A1018040
144	00100198  	CALL	get_offset_from_row_col	E0019026
145	0010019c  	ADD	%r1,%r0,001000	01009084
146	001001a0  	MOV	%r2,48	82048040
147	001001a4  	LOADB	%r0,%r6	60000047
148	001001a8  	CALL	print_hex_b	18029026
151	001001ac  	ADD	%r6,%r7,4	76048084
152	001001b0  	ADD	%r0,%r5,2	50028084
153	001001b4  	MOV	%r1,30	E1018040
154	001001b8  	CALL	get_offset_from_row_col	E0019026
155	001001bc  	ADD	%r1,%r0,001000	01009084
156	001001c0  	MOV	%r2,48	82048040
157	001001c4  	LOAD	%r0,%r6	60000045
159	001001c8  	CALL	print_hex_dw	E0029026
161	001001cc for_loop_check		
162	001001cc  	ADD	%r5,%r5,1	55018084
163	001001d0  	IFL	%r5,%r10	A500004D
164	001001d4  	RJMP	for_loop	44FFFF27
167	001001d8 crash		
168	001001d8  	SLEEP		00000000
5	001001dc  	.DD	BEEFCAFE	FECAEFBE
13	001001e0 get_offset_from_row_col		
14	001001e0  	LLS	%r1,%r1,1	1101808A
16	001001e4  	MUL	%r0,%r0,80	0050808F
17	001001e8  	ADD	%r0,%r0,%r1	00010084
19	001001ec  	RET		00000001
27	001001f0 print		
28	001001f0  	LLS	%r2,%r2,8	2208808A
30	001001f4 print_loop		
31	001001f4  	LOADB	%r3,%r0	03000047
32	001001f8  	IFEQ	%r3,0	0300804B
33	001001fc  	JMP	print_end	14029025
35	00100200  	OR	%r3,%r3,%r2	33020081
36	00100204  	STOREW	%r1,%r3	13000049
38	00100208  	ADD	%r1,%r1,2	11028084
39	0010020c  	ADD	%r0,%r0,1	00018084
40	00100210  	JMP	print_loop	F4019025
42	00100214 print_end		
44	00100214  	RET		00000001
52	00100218 print_hex_b		
53	00100218  	PUSH	%r5	05000024
55	0010021c  	LLS	%r2,%r2,8	2208808A
56	00100220  	LRS	%r5,%r0,4	0504808B
57	00100224  	AND	%r0,%r0,0000000F	000F8080
62	00100228  	ADD	%r5,%r5,55	55378084
63	0010022c  	IFL	%r5,A	1504804D
64	00100230  	SUB	%r5,%r5,7	55078086
66	00100234  	OR	%r5,%r5,%r2	55020081
67	00100238  	STOREW	%r1,%r5	15000049
70	0010023c  	ADD	%r1,%r1,2	11028084
71	00100240  	ADD	%r5,%r0,55	05378084
72	00100244  	IFL	%r5,A	1504804D
73	00100248  	SUB	%r5,%r5,7	55078086
75	0010024c  	OR	%r5,%r5,%r2	55020081
76	00100250  	STOREW	%r1,%r5	15000049
78	00100254  	POP	%r5	05000023
80	00100258  	RET		00000001
88	0010025c print_hex_w		
89	0010025c  	PUSH	%r5	05000024
91	00100260  	LLS	%r2,%r2,8	2208808A
93	00100264  	LRS	%r5,%r0,12	050C808B
96	00100268  	ADD	%r5,%r5,55	55378084
97	0010026c  	IFL	%r5,A	1504804D
98	00100270  	SUB	%r5,%r5,7	55078086
100	00100274  	OR	%r5,%r5,%r2	55020081
101	00100278  	STOREW	%r1,%r5	15000049
104	0010027c  	LRS	%r5,%r0,8	0508808B
105	00100280  	AND	%r5,%r5,0F	550F8080
107	00100284  	ADD	%r1,%r1,2	11028084
108	00100288  	ADD	%r5,%r5,55	55378084
109	0010028c  	IFL	%r5,A	1504804D
110	00100290  	SUB	%r5,%r5,7	55078086
112	00100294  	OR	%r5,%r5,%r2	55020081
113	00100298  	STOREW	%r1,%r5	15000049
116	0010029c  	LRS	%r5,%r0,4	0504808B
117	001002a0  	AND	%r5,%r5,0F	550F8080
119	001002a4  	ADD	%r1,%r1,2	11028084
120	001002a8  	ADD	%r5,%r5,55	55378084
121	001002ac  	IFL	%r5,A	1504804D
122	001002b0  	SUB	%r5,%r5,7	55078086
124	001002b4  	OR	%r5,%r5,%r2	55020081
125	001002b8  	STOREW	%r1,%r5	15000049
128	001002bc  	AND	%r5,%r0,0F	050F8080
130	001002c0  	ADD	%r1,%r1,2	11028084
131	001002c4  	ADD	%r5,%r5,55	55378084
132	001002c8  	IFL	%r5,A	1504804D
133	001002cc  	SUB	%r5,%r5,7	55078086
135	001002d0  	OR	%r5,%r5,%r2	55020081
136	001002d4  	STOREW	%r1,%r5	15000049
138	001002d8  	POP	%r5	05000023
140	001002dc  	RET		00000001
148	001002e0 print_hex_dw		
149	001002e0  	PUSH	%r5	05000024
151	001002e4  	LLS	%r2,%r2,8	2208808A
153	001002e8  	LRS	%r5,%r0,28	051C808B
156	001002ec  	ADD	%r5,%r5,55	55378084
157	001002f0  	IFL	%r5,A	1504804D
158	001002f4  	SUB	%r5,%r5,7	55078086
160	001002f8  	OR	%r5,%r5,%r2	55020081
161	001002fc  	STOREW	%r1,%r5	15000049
164	00100300  	LRS	%r5,%r0,24	0518808B
165	00100304  	AND	%r5,%r5,0F	550F8080
167	00100308  	ADD	%r1,%r1,2	11028084
168	0010030c  	ADD	%r5,%r5,55	55378084
169	00100310  	IFL	%r5,A	1504804D
170	00100314  	SUB	%r5,%r5,7	55078086
172	00100318  	OR	%r5,%r5,%r2	55020081
173	0010031c  	STOREW	%r1,%r5	15000049
176	00100320  	LRS	%r5,%r0,20	0514808B
177	00100324  	AND	%r5,%r5,0F	550F8080
179	00100328  	ADD	%r1,%r1,2	11028084
180	0010032c  	ADD	%r5,%r5,55	55378084
181	00100330  	IFL	%r5,A	1504804D
182	00100334  	SUB	%r5,%r5,7	55078086
184	00100338  	OR	%r5,%r5,%r2	55020081
185	0010033c  	STOREW	%r1,%r5	15000049
188	00100340  	LRS	%r5,%r0,16	0510808B
189	00100344  	AND	%r5,%r5,0F	550F8080
191	00100348  	ADD	%r1,%r1,2	11028084
192	0010034c  	ADD	%r5,%r5,55	55378084
193	00100350  	IFL	%r5,A	1504804D
194	00100354  	SUB	%r5,%r5,7	55078086
196	00100358  	OR	%r5,%r5,%r2	55020081
197	0010035c  	STOREW	%r1,%r5	15000049
200	00100360  	LRS	%r5,%r0,12	050C808B
201	00100364  	AND	%r5,%r5,0F	550F8080
203	00100368  	ADD	%r1,%r1,2	11028084
204	0010036c  	ADD	%r5,%r5,55	55378084
205	00100370  	IFL	%r5,A	1504804D
206	00100374  	SUB	%r5,%r5,7	55078086
208	00100378  	OR	%r5,%r5,%r2	55020081
209	0010037c  	STOREW	%r1,%r5	15000049
212	00100380  	LRS	%r5,%r0,8	0508808B
213	00100384  	AND	%r5,%r5,0F	550F8080
215	00100388  	ADD	%r1,%r1,2	11028084
216	0010038c  	ADD	%r5,%r5,55	55378084
217	00100390  	IFL	%r5,A	1504804D
218	00100394  	SUB	%r5,%r5,7	55078086
220	00100398  	OR	%r5,%r5,%r2	55020081
221	0010039c  	STOREW	%r1,%r5	15000049
224	001003a0  	LRS	%r5,%r0,4	0504808B
225	001003a4  	AND	%r5,%r5,0F	550F8080
227	001003a8  	ADD	%r1,%r1,2	11028084
228	001003ac  	ADD	%r5,%r5,55	55378084
229	001003b0  	IFL	%r5,A	1504804D
230	001003b4  	SUB	%r5,%r5,7	55078086
232	001003b8  	OR	%r5,%r5,%r2	55020081
233	001003bc  	STOREW	%r1,%r5	15000049
236	001003c0  	AND	%r5,%r0,0F	050F8080
238	001003c4  	ADD	%r1,%r1,2	11028084
239	001003c8  	ADD	%r5,%r5,55	55378084
240	001003cc  	IFL	%r5,A	1504804D
241	001003d0  	SUB	%r5,%r5,7	55078086
243	001003d4  	OR	%r5,%r5,%r2	55020081
244	001003d8  	STOREW	%r1,%r5	15000049
246	001003dc  	POP	%r5	05000023
248	001003e0  	RET		00000001
256	001003e4 print_uint		
257	001003e4  	PUSH	%r5	05000024
258	001003e8  	PUSH	%y	0B000024
260	001003ec  	LLS	%r2,%r2,8	2208808A
261	001003f0  	MOV	%r5,0	05008040
263	001003f4 print_uint_divloop		
264	001003f4  	DIV	%r0,%r0,10	000A8091
265	001003f8  	PUSH	%y	0B000024
266	001003fc  	ADD	%r5,%r5,1	55018084
268	00100400  	IFNEQ	%r0,0	0000804C
269	00100404  	JMP	print_uint_divloop	F4039025
271	00100408 print_uint_printloop		
272	00100408  	POP	%r0	00000023
273	0010040c  	ADD	%r0,%r0,0	00308084
274	00100410  	OR	%r0,%r0,%r2	00020081
275	00100414  	STOREW	%r1,%r0	10000049
277	00100418  	SUB	%r5,%r5,1	55018086
278	0010041c  	ADD	%r1,%r1,2	11028084
280	00100420  	IFSLE	%r5,0	05008050
281	00100424  	JMP	print_uint_end	2C049025
282	00100428  	JMP	print_uint_printloop	08049025
284	0010042c print_uint_end		
285	0010042c  	POP	%y	0B000023
286	00100430  	POP	%r5	05000023
288	00100434  	RET		00000001
295	00100438 clr_screen		
296	00100438  	MOV	%r3,2400	03968040
297	0010043c  	ADD	%r3,%r3,%r0	33000084
299	00100440  	LLS	%r1,%r1,8	1108808A
300	00100444  	OR	%r1,%r1,20	11208081
301	00100448  	LLS	%r2,%r1,16	1210808A
302	0010044c  	OR	%r1,%r1,%r2	11020081
304	00100450 clr_screen_loop		
305	00100450  	STORE	%r0,%r1	01000048
306	00100454  	ADD	%r0,%r0,4	00048084
308	00100458  	IFLE	%r0,%r3	3000004F
309	0010045c  	JMP	clr_screen_loop	50049025
311	00100460  	RET		00000001
319	00100464 hwn		
320	00100464  	PUSH	%r4	04000024
321	00100468  	PUSH	%r5	05000024
322	0010046c  	MOV	%r3,%r0	03000040
323	00100470  	MOV	%r0,0	00008040
324	00100474  	MOV	%r1,0	01008040
326	00100478 hwn_for_loop		
328	00100478  	LLS	%r4,%r1,8	1408808A
329	0010047c  	ADD	%r4,%r4,110000	4400C08400001100
332	00100484  	LOADB	%r2,%r4	42000047
333	00100488  	IFNEQ	%r2,FF	F20F804C
334	0010048c  	JMP	hwn_check_cond_for_loop	9C049025
336	00100490  	ADD	%r5,%r3,%r0	35000084
337	00100494  	STOREB	%r5,%r1	5100004A
338	00100498  	ADD	%r0,%r0,1	00018084
340	0010049c hwn_check_cond_for_loop		
342	0010049c  	ADD	%r1,%r1,1	11018084
343	001004a0  	IFL	%r1,32	0102804D
344	001004a4  	JMP	hwn_for_loop	78049025
346	001004a8 end_hwn		
347	001004a8  	POP	%r5	05000023
348	001004ac  	POP	%r4	04000023
349	001004b0  	RET		00000001
175	001004b4 str01	.db	Nº Dev: ,0	4E BA 20 44 65 76 3A 20 00
176	001004bd str02	.db	| Slot | Type | SubType | ID | Vendor |,0	7C 20 53 6C 6F 74 20 7C 20 54 79 70 65 20 7C 20 53 75 62 54 79 70 65 20 7C 20 49 44 20 7C 20 56 65 6E 64 6F 72 20 7C 00
177	001004e5 str03	.db	+------+------+---------+----+--------+,0	2B 2D 2D 2D 2D 2D 2D 2B 2D 2D 2D 2D 2D 2D 2B 2D 2D 2D 2D 2D 2D 2D 2D 2D 2B 2D 2D 2D 2D 2B 2D 2D 2D 2D 2D 2D 2D 2D 2B 00
181	00000000  	.ORG	0	
182	00000000 n_dev	.db	0	00
183	00000001 dev_table	.db	0,1,2,3,4,5,6,7,8,9,10,a,b,0,1,2,3,4,5,6,7,8	00 01 02 03 04 05 06 07 08 09 0A 61 62 00 01 02 03 04 05 06 07 08
185	00000200  	.ORG	0200	
186	00000200 TDA_base_dev	.dw	0	0000
Symbols:
001001d8  crash
0010049c  hwn_check_cond_for_loop
001004e5  str03
001004a8  end_hwn
00000000  n_dev
00100438  clr_screen
00000200  TDA_base_dev
00100218  print_hex_b
001002e0  print_hex_dw
00100478  hwn_for_loop
00100010  begin_search_tda
00000001  dev_table
00100408  print_uint_printloop
001003f4  print_uint_divloop
0010004c  end_search_tda
0010011c  for_loop
001001cc  for_loop_check
001001f4  print_loop
001001f0  print
001001e0  get_offset_from_row_col
00100450  clr_screen_loop
001004bd  str02
001003e4  print_uint
001004b4  str01
00100464  hwn
0010042c  print_uint_end
00100214  print_end
0010025c  print_hex_w
